Arguments passed: ['/home/shuo/smartbugs/sb/__main__.py', '-t', 'conkas', 'manticore', 'mythril', 'osiris', 'oyente', 'securify', 'smartcheck', '-f', '/home/shuo/smartbugs-curated/dataset/reentrancy/0x01f8c4e3fa3edeb29e514cba738d87ce8c091d3f.sol', '/home/shuo/smartbugs-curated/dataset/reentrancy/0x23a91059fdc9579a9fbd0edc5f2ea0bfdb70deb4.sol', '/home/shuo/smartbugs-curated/dataset/reentrancy/0x4320e6f8c05b27ab4707cd1f6d5ce6f3e4b3a5a1.sol', '/home/shuo/smartbugs-curated/dataset/reentrancy/0x4e73b32ed6c35f570686b89848e5f39f20ecc106.sol', '/home/shuo/smartbugs-curated/dataset/reentrancy/0x561eac93c92360949ab1f1403323e6db345cbf31.sol', '/home/shuo/smartbugs-curated/dataset/reentrancy/0x627fa62ccbb1c1b04ffaecd72a53e37fc0e17839.sol', '/home/shuo/smartbugs-curated/dataset/reentrancy/0x7541b76cb60f4c60af330c208b0623b7f54bf615.sol', '/home/shuo/smartbugs-curated/dataset/reentrancy/0x7a8721a9d64c74da899424c1b52acbf58ddc9782.sol', '/home/shuo/smartbugs-curated/dataset/reentrancy/0x7b368c4e805c3870b6c49a3f1f49f69af8662cf3.sol', '/home/shuo/smartbugs-curated/dataset/reentrancy/0x8c7777c45481dba411450c228cb692ac3d550344.sol', '/home/shuo/smartbugs-curated/dataset/reentrancy/0x93c32845fae42c83a70e5f06214c8433665c2ab5.sol', '/home/shuo/smartbugs-curated/dataset/reentrancy/0x941d225236464a25eb18076df7da6a91d0f95e9e.sol', '/home/shuo/smartbugs-curated/dataset/reentrancy/0x96edbe868531bd23a6c05e9d0c424ea64fb1b78b.sol', '/home/shuo/smartbugs-curated/dataset/reentrancy/0xaae1f51cf3339f18b6d3f3bdc75a5facd744b0b8.sol', '/home/shuo/smartbugs-curated/dataset/reentrancy/0xb5e1b1ee15c6fa0e48fce100125569d430f1bd12.sol', '/home/shuo/smartbugs-curated/dataset/reentrancy/0xb93430ce38ac4a6bb47fb1fc085ea669353fd89e.sol', '/home/shuo/smartbugs-curated/dataset/reentrancy/0xbaf51e761510c1a11bf48dd87c0307ac8a8c8a4f.sol', '/home/shuo/smartbugs-curated/dataset/reentrancy/0xbe4041d55db380c5ae9d4a9b9703f1ed4e7e3888.sol', '/home/shuo/smartbugs-curated/dataset/reentrancy/0xcead721ef5b11f1a7b530171aab69b16c5e66b6e.sol', '/home/shuo/smartbugs-curated/dataset/reentrancy/0xf015c35649c82f5467c9c74b7f28ee67665aad68.sol', '/home/shuo/smartbugs-curated/dataset/reentrancy/etherbank.sol', '/home/shuo/smartbugs-curated/dataset/reentrancy/etherstore.sol', '/home/shuo/smartbugs-curated/dataset/reentrancy/modifier_reentrancy.sol', '/home/shuo/smartbugs-curated/dataset/reentrancy/reentrance.sol', '/home/shuo/smartbugs-curated/dataset/reentrancy/reentrancy_bonus.sol', '/home/shuo/smartbugs-curated/dataset/reentrancy/reentrancy_cross_function.sol', '/home/shuo/smartbugs-curated/dataset/reentrancy/reentrancy_dao.sol', '/home/shuo/smartbugs-curated/dataset/reentrancy/reentrancy_insecure.sol', '/home/shuo/smartbugs-curated/dataset/reentrancy/reentrancy_simple.sol', '/home/shuo/smartbugs-curated/dataset/reentrancy/simple_dao.sol', '/home/shuo/smartbugs-curated/dataset/reentrancy/spank_chain_payment.sol', '--processes', '48', '--mem-limit', '8g', '--timeout', '1800']
Settings: {files: [(None, '/home/shuo/smartbugs-curated/dataset/reentrancy/0x01f8c4e3fa3edeb29e514cba738d87ce8c091d3f.sol'), (None, '/home/shuo/smartbugs-curated/dataset/reentrancy/0x23a91059fdc9579a9fbd0edc5f2ea0bfdb70deb4.sol'), (None, '/home/shuo/smartbugs-curated/dataset/reentrancy/0x4320e6f8c05b27ab4707cd1f6d5ce6f3e4b3a5a1.sol'), (None, '/home/shuo/smartbugs-curated/dataset/reentrancy/0x4e73b32ed6c35f570686b89848e5f39f20ecc106.sol'), (None, '/home/shuo/smartbugs-curated/dataset/reentrancy/0x561eac93c92360949ab1f1403323e6db345cbf31.sol'), (None, '/home/shuo/smartbugs-curated/dataset/reentrancy/0x627fa62ccbb1c1b04ffaecd72a53e37fc0e17839.sol'), (None, '/home/shuo/smartbugs-curated/dataset/reentrancy/0x7541b76cb60f4c60af330c208b0623b7f54bf615.sol'), (None, '/home/shuo/smartbugs-curated/dataset/reentrancy/0x7a8721a9d64c74da899424c1b52acbf58ddc9782.sol'), (None, '/home/shuo/smartbugs-curated/dataset/reentrancy/0x7b368c4e805c3870b6c49a3f1f49f69af8662cf3.sol'), (None, '/home/shuo/smartbugs-curated/dataset/reentrancy/0x8c7777c45481dba411450c228cb692ac3d550344.sol'), (None, '/home/shuo/smartbugs-curated/dataset/reentrancy/0x93c32845fae42c83a70e5f06214c8433665c2ab5.sol'), (None, '/home/shuo/smartbugs-curated/dataset/reentrancy/0x941d225236464a25eb18076df7da6a91d0f95e9e.sol'), (None, '/home/shuo/smartbugs-curated/dataset/reentrancy/0x96edbe868531bd23a6c05e9d0c424ea64fb1b78b.sol'), (None, '/home/shuo/smartbugs-curated/dataset/reentrancy/0xaae1f51cf3339f18b6d3f3bdc75a5facd744b0b8.sol'), (None, '/home/shuo/smartbugs-curated/dataset/reentrancy/0xb5e1b1ee15c6fa0e48fce100125569d430f1bd12.sol'), (None, '/home/shuo/smartbugs-curated/dataset/reentrancy/0xb93430ce38ac4a6bb47fb1fc085ea669353fd89e.sol'), (None, '/home/shuo/smartbugs-curated/dataset/reentrancy/0xbaf51e761510c1a11bf48dd87c0307ac8a8c8a4f.sol'), (None, '/home/shuo/smartbugs-curated/dataset/reentrancy/0xbe4041d55db380c5ae9d4a9b9703f1ed4e7e3888.sol'), (None, '/home/shuo/smartbugs-curated/dataset/reentrancy/0xcead721ef5b11f1a7b530171aab69b16c5e66b6e.sol'), (None, '/home/shuo/smartbugs-curated/dataset/reentrancy/0xf015c35649c82f5467c9c74b7f28ee67665aad68.sol'), (None, '/home/shuo/smartbugs-curated/dataset/reentrancy/etherbank.sol'), (None, '/home/shuo/smartbugs-curated/dataset/reentrancy/etherstore.sol'), (None, '/home/shuo/smartbugs-curated/dataset/reentrancy/modifier_reentrancy.sol'), (None, '/home/shuo/smartbugs-curated/dataset/reentrancy/reentrance.sol'), (None, '/home/shuo/smartbugs-curated/dataset/reentrancy/reentrancy_bonus.sol'), (None, '/home/shuo/smartbugs-curated/dataset/reentrancy/reentrancy_cross_function.sol'), (None, '/home/shuo/smartbugs-curated/dataset/reentrancy/reentrancy_dao.sol'), (None, '/home/shuo/smartbugs-curated/dataset/reentrancy/reentrancy_insecure.sol'), (None, '/home/shuo/smartbugs-curated/dataset/reentrancy/reentrancy_simple.sol'), (None, '/home/shuo/smartbugs-curated/dataset/reentrancy/simple_dao.sol'), (None, '/home/shuo/smartbugs-curated/dataset/reentrancy/spank_chain_payment.sol')], main: False, runtime: False, tools: ['conkas', 'manticore', 'mythril', 'osiris', 'oyente', 'securify', 'smartcheck'], runid: 20240903_2220, overwrite: False, processes: 48, timeout: 1800, cpu_quota: None, mem_limit: 8g, results: results/${TOOL}/20240903_2220/${FILENAME}, log: results/logs/20240903_2220.log, json: False, sarif: False, quiet: False}
Starting task 1/217: manticore-0.3.7 and /home/shuo/smartbugs-curated/dataset/reentrancy/0xcead721ef5b11f1a7b530171aab69b16c5e66b6e.sol
Starting task 3/217: smartcheck and /home/shuo/smartbugs-curated/dataset/reentrancy/0xbe4041d55db380c5ae9d4a9b9703f1ed4e7e3888.sol
Starting task 2/217: manticore-0.3.7 and /home/shuo/smartbugs-curated/dataset/reentrancy/0xaae1f51cf3339f18b6d3f3bdc75a5facd744b0b8.sol
Starting task 4/217: manticore-0.3.7 and /home/shuo/smartbugs-curated/dataset/reentrancy/0x96edbe868531bd23a6c05e9d0c424ea64fb1b78b.sol
Starting task 5/217: osiris and /home/shuo/smartbugs-curated/dataset/reentrancy/0x627fa62ccbb1c1b04ffaecd72a53e37fc0e17839.sol
Starting task 6/217: smartcheck and /home/shuo/smartbugs-curated/dataset/reentrancy/spank_chain_payment.sol
Starting task 7/217: conkas and /home/shuo/smartbugs-curated/dataset/reentrancy/reentrancy_insecure.sol
Starting task 8/217: mythril-0.24.7 and /home/shuo/smartbugs-curated/dataset/reentrancy/etherstore.sol
Starting task 9/217: conkas and /home/shuo/smartbugs-curated/dataset/reentrancy/reentrance.sol
Starting task 10/217: securify and /home/shuo/smartbugs-curated/dataset/reentrancy/reentrancy_bonus.sol
Starting task 11/217: oyente and /home/shuo/smartbugs-curated/dataset/reentrancy/0x7a8721a9d64c74da899424c1b52acbf58ddc9782.sol
Starting task 12/217: oyente and /home/shuo/smartbugs-curated/dataset/reentrancy/0xb93430ce38ac4a6bb47fb1fc085ea669353fd89e.sol
Starting task 13/217: mythril-0.24.7 and /home/shuo/smartbugs-curated/dataset/reentrancy/reentrance.sol
Starting task 14/217: osiris and /home/shuo/smartbugs-curated/dataset/reentrancy/reentrance.sol
Starting task 15/217: securify and /home/shuo/smartbugs-curated/dataset/reentrancy/0x7b368c4e805c3870b6c49a3f1f49f69af8662cf3.sol
Starting task 16/217: smartcheck and /home/shuo/smartbugs-curated/dataset/reentrancy/0xf015c35649c82f5467c9c74b7f28ee67665aad68.sol
Starting task 17/217: mythril-0.24.7 and /home/shuo/smartbugs-curated/dataset/reentrancy/0xb5e1b1ee15c6fa0e48fce100125569d430f1bd12.sol
Starting task 18/217: securify and /home/shuo/smartbugs-curated/dataset/reentrancy/simple_dao.sol
Starting task 19/217: securify and /home/shuo/smartbugs-curated/dataset/reentrancy/etherbank.sol
Starting task 20/217: smartcheck and /home/shuo/smartbugs-curated/dataset/reentrancy/reentrancy_insecure.sol
Starting task 22/217: smartcheck and /home/shuo/smartbugs-curated/dataset/reentrancy/0x23a91059fdc9579a9fbd0edc5f2ea0bfdb70deb4.sol
Starting task 24/217: securify and /home/shuo/smartbugs-curated/dataset/reentrancy/0x4e73b32ed6c35f570686b89848e5f39f20ecc106.sol
Starting task 23/217: manticore-0.3.7 and /home/shuo/smartbugs-curated/dataset/reentrancy/etherstore.sol
Starting task 21/217: conkas and /home/shuo/smartbugs-curated/dataset/reentrancy/etherbank.sol
Starting task 25/217: manticore-0.3.7 and /home/shuo/smartbugs-curated/dataset/reentrancy/0x627fa62ccbb1c1b04ffaecd72a53e37fc0e17839.sol
Starting task 26/217: conkas and /home/shuo/smartbugs-curated/dataset/reentrancy/0xbaf51e761510c1a11bf48dd87c0307ac8a8c8a4f.sol
Starting task 31/217: smartcheck and /home/shuo/smartbugs-curated/dataset/reentrancy/reentrancy_bonus.sol
Starting task 29/217: oyente and /home/shuo/smartbugs-curated/dataset/reentrancy/etherstore.sol
Starting task 28/217: osiris and /home/shuo/smartbugs-curated/dataset/reentrancy/0x7b368c4e805c3870b6c49a3f1f49f69af8662cf3.sol
Starting task 27/217: conkas and /home/shuo/smartbugs-curated/dataset/reentrancy/0x93c32845fae42c83a70e5f06214c8433665c2ab5.sol
Starting task 32/217: conkas and /home/shuo/smartbugs-curated/dataset/reentrancy/0xaae1f51cf3339f18b6d3f3bdc75a5facd744b0b8.sol
Starting task 30/217: osiris and /home/shuo/smartbugs-curated/dataset/reentrancy/reentrancy_insecure.sol
Starting task 33/217: oyente and /home/shuo/smartbugs-curated/dataset/reentrancy/0x4320e6f8c05b27ab4707cd1f6d5ce6f3e4b3a5a1.sol
Starting task 34/217: conkas and /home/shuo/smartbugs-curated/dataset/reentrancy/0xbe4041d55db380c5ae9d4a9b9703f1ed4e7e3888.sol
Starting task 37/217: conkas and /home/shuo/smartbugs-curated/dataset/reentrancy/0x941d225236464a25eb18076df7da6a91d0f95e9e.sol
Starting task 39/217: securify and /home/shuo/smartbugs-curated/dataset/reentrancy/etherstore.sol
Starting task 40/217: manticore-0.3.7 and /home/shuo/smartbugs-curated/dataset/reentrancy/reentrancy_simple.sol
Starting task 38/217: oyente and /home/shuo/smartbugs-curated/dataset/reentrancy/0x8c7777c45481dba411450c228cb692ac3d550344.sol
Starting task 41/217: smartcheck and /home/shuo/smartbugs-curated/dataset/reentrancy/etherstore.sol
Starting task 36/217: securify and /home/shuo/smartbugs-curated/dataset/reentrancy/0x8c7777c45481dba411450c228cb692ac3d550344.sol
Starting task 42/217: oyente and /home/shuo/smartbugs-curated/dataset/reentrancy/0xb5e1b1ee15c6fa0e48fce100125569d430f1bd12.sol
Starting task 35/217: smartcheck and /home/shuo/smartbugs-curated/dataset/reentrancy/0x01f8c4e3fa3edeb29e514cba738d87ce8c091d3f.sol
Starting task 43/217: securify and /home/shuo/smartbugs-curated/dataset/reentrancy/0x627fa62ccbb1c1b04ffaecd72a53e37fc0e17839.sol
Starting task 44/217: mythril-0.24.7 and /home/shuo/smartbugs-curated/dataset/reentrancy/modifier_reentrancy.sol
Starting task 45/217: conkas and /home/shuo/smartbugs-curated/dataset/reentrancy/0x7541b76cb60f4c60af330c208b0623b7f54bf615.sol
Starting task 46/217: mythril-0.24.7 and /home/shuo/smartbugs-curated/dataset/reentrancy/etherbank.sol
Starting task 47/217: smartcheck and /home/shuo/smartbugs-curated/dataset/reentrancy/0x4320e6f8c05b27ab4707cd1f6d5ce6f3e4b3a5a1.sol
Starting task 48/217: smartcheck and /home/shuo/smartbugs-curated/dataset/reentrancy/reentrance.sol
Starting task 49/217: osiris and /home/shuo/smartbugs-curated/dataset/reentrancy/etherbank.sol
Starting task 50/217: oyente and /home/shuo/smartbugs-curated/dataset/reentrancy/0xbe4041d55db380c5ae9d4a9b9703f1ed4e7e3888.sol
Starting task 51/217: securify and /home/shuo/smartbugs-curated/dataset/reentrancy/0x01f8c4e3fa3edeb29e514cba738d87ce8c091d3f.sol
Starting task 52/217: manticore-0.3.7 and /home/shuo/smartbugs-curated/dataset/reentrancy/reentrancy_cross_function.sol
Starting task 53/217: smartcheck and /home/shuo/smartbugs-curated/dataset/reentrancy/reentrancy_dao.sol
Starting task 54/217: smartcheck and /home/shuo/smartbugs-curated/dataset/reentrancy/simple_dao.sol
Starting task 55/217: manticore-0.3.7 and /home/shuo/smartbugs-curated/dataset/reentrancy/0x941d225236464a25eb18076df7da6a91d0f95e9e.sol
Starting task 56/217: oyente and /home/shuo/smartbugs-curated/dataset/reentrancy/reentrancy_bonus.sol
Starting task 57/217: conkas and /home/shuo/smartbugs-curated/dataset/reentrancy/0x96edbe868531bd23a6c05e9d0c424ea64fb1b78b.sol
Starting task 58/217: mythril-0.24.7 and /home/shuo/smartbugs-curated/dataset/reentrancy/0xb93430ce38ac4a6bb47fb1fc085ea669353fd89e.sol
Starting task 59/217: mythril-0.24.7 and /home/shuo/smartbugs-curated/dataset/reentrancy/reentrancy_simple.sol
Starting task 60/217: manticore-0.3.7 and /home/shuo/smartbugs-curated/dataset/reentrancy/0x7b368c4e805c3870b6c49a3f1f49f69af8662cf3.sol
Starting task 61/217: osiris and /home/shuo/smartbugs-curated/dataset/reentrancy/0x941d225236464a25eb18076df7da6a91d0f95e9e.sol
Starting task 62/217: securify and /home/shuo/smartbugs-curated/dataset/reentrancy/0xb93430ce38ac4a6bb47fb1fc085ea669353fd89e.sol
Starting task 63/217: osiris and /home/shuo/smartbugs-curated/dataset/reentrancy/0x96edbe868531bd23a6c05e9d0c424ea64fb1b78b.sol
Starting task 64/217: manticore-0.3.7 and /home/shuo/smartbugs-curated/dataset/reentrancy/0x4e73b32ed6c35f570686b89848e5f39f20ecc106.sol
Starting task 65/217: oyente and /home/shuo/smartbugs-curated/dataset/reentrancy/0x93c32845fae42c83a70e5f06214c8433665c2ab5.sol
Starting task 66/217: osiris and /home/shuo/smartbugs-curated/dataset/reentrancy/0x7541b76cb60f4c60af330c208b0623b7f54bf615.sol
Starting task 67/217: manticore-0.3.7 and /home/shuo/smartbugs-curated/dataset/reentrancy/0xb5e1b1ee15c6fa0e48fce100125569d430f1bd12.sol
Starting task 68/217: osiris and /home/shuo/smartbugs-curated/dataset/reentrancy/0x23a91059fdc9579a9fbd0edc5f2ea0bfdb70deb4.sol
Starting task 69/217: conkas and /home/shuo/smartbugs-curated/dataset/reentrancy/0x627fa62ccbb1c1b04ffaecd72a53e37fc0e17839.sol
Starting task 70/217: osiris and /home/shuo/smartbugs-curated/dataset/reentrancy/0x7a8721a9d64c74da899424c1b52acbf58ddc9782.sol
Starting task 71/217: conkas and /home/shuo/smartbugs-curated/dataset/reentrancy/modifier_reentrancy.sol
Starting task 72/217: manticore-0.3.7 and /home/shuo/smartbugs-curated/dataset/reentrancy/0x01f8c4e3fa3edeb29e514cba738d87ce8c091d3f.sol
Starting task 73/217: mythril-0.24.7 and /home/shuo/smartbugs-curated/dataset/reentrancy/0x23a91059fdc9579a9fbd0edc5f2ea0bfdb70deb4.sol
Starting task 74/217: mythril-0.24.7 and /home/shuo/smartbugs-curated/dataset/reentrancy/0x561eac93c92360949ab1f1403323e6db345cbf31.sol
Starting task 75/217: smartcheck and /home/shuo/smartbugs-curated/dataset/reentrancy/0xb93430ce38ac4a6bb47fb1fc085ea669353fd89e.sol
Starting task 76/217: smartcheck and /home/shuo/smartbugs-curated/dataset/reentrancy/0x96edbe868531bd23a6c05e9d0c424ea64fb1b78b.sol
Starting task 77/217: mythril-0.24.7 and /home/shuo/smartbugs-curated/dataset/reentrancy/0xbaf51e761510c1a11bf48dd87c0307ac8a8c8a4f.sol
Starting task 78/217: securify and /home/shuo/smartbugs-curated/dataset/reentrancy/reentrancy_cross_function.sol
Starting task 79/217: securify and /home/shuo/smartbugs-curated/dataset/reentrancy/spank_chain_payment.sol
Starting task 80/217: smartcheck and /home/shuo/smartbugs-curated/dataset/reentrancy/0x4e73b32ed6c35f570686b89848e5f39f20ecc106.sol
Starting task 81/217: oyente and /home/shuo/smartbugs-curated/dataset/reentrancy/0xbaf51e761510c1a11bf48dd87c0307ac8a8c8a4f.sol
Starting task 82/217: manticore-0.3.7 and /home/shuo/smartbugs-curated/dataset/reentrancy/spank_chain_payment.sol
Starting task 83/217: osiris and /home/shuo/smartbugs-curated/dataset/reentrancy/0xb5e1b1ee15c6fa0e48fce100125569d430f1bd12.sol
Starting task 84/217: oyente and /home/shuo/smartbugs-curated/dataset/reentrancy/simple_dao.sol
Starting task 85/217: mythril-0.24.7 and /home/shuo/smartbugs-curated/dataset/reentrancy/0x7b368c4e805c3870b6c49a3f1f49f69af8662cf3.sol
Starting task 86/217: smartcheck and /home/shuo/smartbugs-curated/dataset/reentrancy/0x7a8721a9d64c74da899424c1b52acbf58ddc9782.sol
Starting task 87/217: osiris and /home/shuo/smartbugs-curated/dataset/reentrancy/0x561eac93c92360949ab1f1403323e6db345cbf31.sol
Starting task 88/217: oyente and /home/shuo/smartbugs-curated/dataset/reentrancy/0x561eac93c92360949ab1f1403323e6db345cbf31.sol
Starting task 89/217: manticore-0.3.7 and /home/shuo/smartbugs-curated/dataset/reentrancy/0x561eac93c92360949ab1f1403323e6db345cbf31.sol
Starting task 90/217: osiris and /home/shuo/smartbugs-curated/dataset/reentrancy/0x4e73b32ed6c35f570686b89848e5f39f20ecc106.sol
Starting task 91/217: mythril-0.24.7 and /home/shuo/smartbugs-curated/dataset/reentrancy/0x7a8721a9d64c74da899424c1b52acbf58ddc9782.sol
Starting task 92/217: osiris and /home/shuo/smartbugs-curated/dataset/reentrancy/etherstore.sol
Starting task 93/217: smartcheck and /home/shuo/smartbugs-curated/dataset/reentrancy/0x561eac93c92360949ab1f1403323e6db345cbf31.sol
Starting task 94/217: securify and /home/shuo/smartbugs-curated/dataset/reentrancy/reentrancy_dao.sol
Starting task 95/217: securify and /home/shuo/smartbugs-curated/dataset/reentrancy/0xb5e1b1ee15c6fa0e48fce100125569d430f1bd12.sol
Starting task 96/217: securify and /home/shuo/smartbugs-curated/dataset/reentrancy/modifier_reentrancy.sol
Starting task 97/217: osiris and /home/shuo/smartbugs-curated/dataset/reentrancy/0xf015c35649c82f5467c9c74b7f28ee67665aad68.sol
Starting task 98/217: mythril-0.24.7 and /home/shuo/smartbugs-curated/dataset/reentrancy/simple_dao.sol
Starting task 99/217: osiris and /home/shuo/smartbugs-curated/dataset/reentrancy/reentrancy_simple.sol
Starting task 100/217: conkas and /home/shuo/smartbugs-curated/dataset/reentrancy/spank_chain_payment.sol
Starting task 101/217: mythril-0.24.7 and /home/shuo/smartbugs-curated/dataset/reentrancy/0xcead721ef5b11f1a7b530171aab69b16c5e66b6e.sol
Starting task 102/217: mythril-0.24.7 and /home/shuo/smartbugs-curated/dataset/reentrancy/0x627fa62ccbb1c1b04ffaecd72a53e37fc0e17839.sol
Starting task 103/217: osiris and /home/shuo/smartbugs-curated/dataset/reentrancy/0x93c32845fae42c83a70e5f06214c8433665c2ab5.sol
Starting task 104/217: conkas and /home/shuo/smartbugs-curated/dataset/reentrancy/0x01f8c4e3fa3edeb29e514cba738d87ce8c091d3f.sol
Starting task 105/217: securify and /home/shuo/smartbugs-curated/dataset/reentrancy/0xbe4041d55db380c5ae9d4a9b9703f1ed4e7e3888.sol
Starting task 106/217: conkas and /home/shuo/smartbugs-curated/dataset/reentrancy/reentrancy_dao.sol
Starting task 107/217: smartcheck and /home/shuo/smartbugs-curated/dataset/reentrancy/0xcead721ef5b11f1a7b530171aab69b16c5e66b6e.sol
Starting task 108/217: conkas and /home/shuo/smartbugs-curated/dataset/reentrancy/simple_dao.sol
Starting task 109/217: conkas and /home/shuo/smartbugs-curated/dataset/reentrancy/reentrancy_bonus.sol
Starting task 110/217: mythril-0.24.7 and /home/shuo/smartbugs-curated/dataset/reentrancy/0x93c32845fae42c83a70e5f06214c8433665c2ab5.sol
Starting task 111/217: osiris and /home/shuo/smartbugs-curated/dataset/reentrancy/reentrancy_cross_function.sol
Starting task 112/217: oyente and /home/shuo/smartbugs-curated/dataset/reentrancy/0x23a91059fdc9579a9fbd0edc5f2ea0bfdb70deb4.sol
Starting task 113/217: conkas and /home/shuo/smartbugs-curated/dataset/reentrancy/0xb5e1b1ee15c6fa0e48fce100125569d430f1bd12.sol
Starting task 114/217: conkas and /home/shuo/smartbugs-curated/dataset/reentrancy/0x561eac93c92360949ab1f1403323e6db345cbf31.sol
Starting task 115/217: conkas and /home/shuo/smartbugs-curated/dataset/reentrancy/0x7a8721a9d64c74da899424c1b52acbf58ddc9782.sol
Starting task 116/217: mythril-0.24.7 and /home/shuo/smartbugs-curated/dataset/reentrancy/0xbe4041d55db380c5ae9d4a9b9703f1ed4e7e3888.sol
Starting task 117/217: smartcheck and /home/shuo/smartbugs-curated/dataset/reentrancy/reentrancy_cross_function.sol
Starting task 118/217: securify and /home/shuo/smartbugs-curated/dataset/reentrancy/0xf015c35649c82f5467c9c74b7f28ee67665aad68.sol
Starting task 119/217: osiris and /home/shuo/smartbugs-curated/dataset/reentrancy/0xaae1f51cf3339f18b6d3f3bdc75a5facd744b0b8.sol
Starting task 120/217: mythril-0.24.7 and /home/shuo/smartbugs-curated/dataset/reentrancy/0x4e73b32ed6c35f570686b89848e5f39f20ecc106.sol
Starting task 121/217: smartcheck and /home/shuo/smartbugs-curated/dataset/reentrancy/0x7541b76cb60f4c60af330c208b0623b7f54bf615.sol
Starting task 122/217: osiris and /home/shuo/smartbugs-curated/dataset/reentrancy/simple_dao.sol
Starting task 123/217: smartcheck and /home/shuo/smartbugs-curated/dataset/reentrancy/0xbaf51e761510c1a11bf48dd87c0307ac8a8c8a4f.sol
Starting task 124/217: smartcheck and /home/shuo/smartbugs-curated/dataset/reentrancy/0x941d225236464a25eb18076df7da6a91d0f95e9e.sol
Starting task 125/217: securify and /home/shuo/smartbugs-curated/dataset/reentrancy/0x23a91059fdc9579a9fbd0edc5f2ea0bfdb70deb4.sol
Starting task 126/217: mythril-0.24.7 and /home/shuo/smartbugs-curated/dataset/reentrancy/reentrancy_insecure.sol
Starting task 127/217: conkas and /home/shuo/smartbugs-curated/dataset/reentrancy/0x8c7777c45481dba411450c228cb692ac3d550344.sol
Starting task 128/217: manticore-0.3.7 and /home/shuo/smartbugs-curated/dataset/reentrancy/reentrancy_insecure.sol
Starting task 129/217: oyente and /home/shuo/smartbugs-curated/dataset/reentrancy/0xcead721ef5b11f1a7b530171aab69b16c5e66b6e.sol
Starting task 130/217: smartcheck and /home/shuo/smartbugs-curated/dataset/reentrancy/etherbank.sol
Starting task 131/217: manticore-0.3.7 and /home/shuo/smartbugs-curated/dataset/reentrancy/0xbaf51e761510c1a11bf48dd87c0307ac8a8c8a4f.sol
Starting task 132/217: osiris and /home/shuo/smartbugs-curated/dataset/reentrancy/0xb93430ce38ac4a6bb47fb1fc085ea669353fd89e.sol
Starting task 133/217: securify and /home/shuo/smartbugs-curated/dataset/reentrancy/0x561eac93c92360949ab1f1403323e6db345cbf31.sol
Starting task 134/217: manticore-0.3.7 and /home/shuo/smartbugs-curated/dataset/reentrancy/0xf015c35649c82f5467c9c74b7f28ee67665aad68.sol
Starting task 135/217: manticore-0.3.7 and /home/shuo/smartbugs-curated/dataset/reentrancy/0x7a8721a9d64c74da899424c1b52acbf58ddc9782.sol
Starting task 136/217: smartcheck and /home/shuo/smartbugs-curated/dataset/reentrancy/0x8c7777c45481dba411450c228cb692ac3d550344.sol
Starting task 137/217: mythril-0.24.7 and /home/shuo/smartbugs-curated/dataset/reentrancy/reentrancy_bonus.sol
Starting task 138/217: securify and /home/shuo/smartbugs-curated/dataset/reentrancy/0x941d225236464a25eb18076df7da6a91d0f95e9e.sol
Starting task 139/217: manticore-0.3.7 and /home/shuo/smartbugs-curated/dataset/reentrancy/etherbank.sol
Starting task 140/217: oyente and /home/shuo/smartbugs-curated/dataset/reentrancy/modifier_reentrancy.sol
Starting task 141/217: mythril-0.24.7 and /home/shuo/smartbugs-curated/dataset/reentrancy/0xf015c35649c82f5467c9c74b7f28ee67665aad68.sol
Starting task 142/217: smartcheck and /home/shuo/smartbugs-curated/dataset/reentrancy/0xaae1f51cf3339f18b6d3f3bdc75a5facd744b0b8.sol
Starting task 143/217: osiris and /home/shuo/smartbugs-curated/dataset/reentrancy/modifier_reentrancy.sol
Starting task 144/217: oyente and /home/shuo/smartbugs-curated/dataset/reentrancy/0x4e73b32ed6c35f570686b89848e5f39f20ecc106.sol
Starting task 145/217: securify and /home/shuo/smartbugs-curated/dataset/reentrancy/0x7541b76cb60f4c60af330c208b0623b7f54bf615.sol
Starting task 146/217: smartcheck and /home/shuo/smartbugs-curated/dataset/reentrancy/modifier_reentrancy.sol
Starting task 147/217: oyente and /home/shuo/smartbugs-curated/dataset/reentrancy/reentrancy_insecure.sol
Starting task 148/217: oyente and /home/shuo/smartbugs-curated/dataset/reentrancy/0x7541b76cb60f4c60af330c208b0623b7f54bf615.sol
Starting task 149/217: oyente and /home/shuo/smartbugs-curated/dataset/reentrancy/0x01f8c4e3fa3edeb29e514cba738d87ce8c091d3f.sol
Starting task 150/217: mythril-0.24.7 and /home/shuo/smartbugs-curated/dataset/reentrancy/0x4320e6f8c05b27ab4707cd1f6d5ce6f3e4b3a5a1.sol
Starting task 151/217: conkas and /home/shuo/smartbugs-curated/dataset/reentrancy/0xb93430ce38ac4a6bb47fb1fc085ea669353fd89e.sol
Starting task 152/217: smartcheck and /home/shuo/smartbugs-curated/dataset/reentrancy/0x7b368c4e805c3870b6c49a3f1f49f69af8662cf3.sol
Starting task 153/217: manticore-0.3.7 and /home/shuo/smartbugs-curated/dataset/reentrancy/modifier_reentrancy.sol
Starting task 154/217: smartcheck and /home/shuo/smartbugs-curated/dataset/reentrancy/reentrancy_simple.sol
Starting task 155/217: oyente and /home/shuo/smartbugs-curated/dataset/reentrancy/0xf015c35649c82f5467c9c74b7f28ee67665aad68.sol
Starting task 156/217: mythril-0.24.7 and /home/shuo/smartbugs-curated/dataset/reentrancy/0x01f8c4e3fa3edeb29e514cba738d87ce8c091d3f.sol
Starting task 157/217: securify and /home/shuo/smartbugs-curated/dataset/reentrancy/0xcead721ef5b11f1a7b530171aab69b16c5e66b6e.sol
Starting task 158/217: mythril-0.24.7 and /home/shuo/smartbugs-curated/dataset/reentrancy/0x8c7777c45481dba411450c228cb692ac3d550344.sol
Starting task 159/217: conkas and /home/shuo/smartbugs-curated/dataset/reentrancy/0xcead721ef5b11f1a7b530171aab69b16c5e66b6e.sol
Starting task 160/217: manticore-0.3.7 and /home/shuo/smartbugs-curated/dataset/reentrancy/reentrancy_bonus.sol
Starting task 161/217: oyente and /home/shuo/smartbugs-curated/dataset/reentrancy/reentrance.sol
Starting task 162/217: conkas and /home/shuo/smartbugs-curated/dataset/reentrancy/0x7b368c4e805c3870b6c49a3f1f49f69af8662cf3.sol
Starting task 163/217: manticore-0.3.7 and /home/shuo/smartbugs-curated/dataset/reentrancy/0x23a91059fdc9579a9fbd0edc5f2ea0bfdb70deb4.sol
Starting task 164/217: securify and /home/shuo/smartbugs-curated/dataset/reentrancy/0x96edbe868531bd23a6c05e9d0c424ea64fb1b78b.sol
Starting task 165/217: conkas and /home/shuo/smartbugs-curated/dataset/reentrancy/reentrancy_simple.sol
Starting task 166/217: smartcheck and /home/shuo/smartbugs-curated/dataset/reentrancy/0x93c32845fae42c83a70e5f06214c8433665c2ab5.sol
Starting task 167/217: conkas and /home/shuo/smartbugs-curated/dataset/reentrancy/0x23a91059fdc9579a9fbd0edc5f2ea0bfdb70deb4.sol
Starting task 168/217: oyente and /home/shuo/smartbugs-curated/dataset/reentrancy/0x627fa62ccbb1c1b04ffaecd72a53e37fc0e17839.sol
Starting task 169/217: mythril-0.24.7 and /home/shuo/smartbugs-curated/dataset/reentrancy/reentrancy_dao.sol
Starting task 170/217: osiris and /home/shuo/smartbugs-curated/dataset/reentrancy/spank_chain_payment.sol
Starting task 171/217: smartcheck and /home/shuo/smartbugs-curated/dataset/reentrancy/0x627fa62ccbb1c1b04ffaecd72a53e37fc0e17839.sol
Starting task 172/217: conkas and /home/shuo/smartbugs-curated/dataset/reentrancy/etherstore.sol
Starting task 173/217: manticore-0.3.7 and /home/shuo/smartbugs-curated/dataset/reentrancy/reentrancy_dao.sol
Starting task 174/217: securify and /home/shuo/smartbugs-curated/dataset/reentrancy/reentrancy_simple.sol
Starting task 175/217: manticore-0.3.7 and /home/shuo/smartbugs-curated/dataset/reentrancy/0xb93430ce38ac4a6bb47fb1fc085ea669353fd89e.sol
Starting task 176/217: oyente and /home/shuo/smartbugs-curated/dataset/reentrancy/0x96edbe868531bd23a6c05e9d0c424ea64fb1b78b.sol
Starting task 177/217: mythril-0.24.7 and /home/shuo/smartbugs-curated/dataset/reentrancy/0xaae1f51cf3339f18b6d3f3bdc75a5facd744b0b8.sol
Starting task 178/217: osiris and /home/shuo/smartbugs-curated/dataset/reentrancy/0x4320e6f8c05b27ab4707cd1f6d5ce6f3e4b3a5a1.sol
Starting task 179/217: conkas and /home/shuo/smartbugs-curated/dataset/reentrancy/reentrancy_cross_function.sol
Starting task 180/217: securify and /home/shuo/smartbugs-curated/dataset/reentrancy/0x4320e6f8c05b27ab4707cd1f6d5ce6f3e4b3a5a1.sol
Starting task 181/217: securify and /home/shuo/smartbugs-curated/dataset/reentrancy/0xaae1f51cf3339f18b6d3f3bdc75a5facd744b0b8.sol
Starting task 182/217: securify and /home/shuo/smartbugs-curated/dataset/reentrancy/reentrancy_insecure.sol
Starting task 183/217: osiris and /home/shuo/smartbugs-curated/dataset/reentrancy/0xbe4041d55db380c5ae9d4a9b9703f1ed4e7e3888.sol
Starting task 184/217: conkas and /home/shuo/smartbugs-curated/dataset/reentrancy/0xf015c35649c82f5467c9c74b7f28ee67665aad68.sol
Starting task 185/217: osiris and /home/shuo/smartbugs-curated/dataset/reentrancy/0x8c7777c45481dba411450c228cb692ac3d550344.sol
Starting task 186/217: conkas and /home/shuo/smartbugs-curated/dataset/reentrancy/0x4320e6f8c05b27ab4707cd1f6d5ce6f3e4b3a5a1.sol
Starting task 187/217: oyente and /home/shuo/smartbugs-curated/dataset/reentrancy/0x941d225236464a25eb18076df7da6a91d0f95e9e.sol
Starting task 188/217: manticore-0.3.7 and /home/shuo/smartbugs-curated/dataset/reentrancy/0x4320e6f8c05b27ab4707cd1f6d5ce6f3e4b3a5a1.sol
Starting task 189/217: securify and /home/shuo/smartbugs-curated/dataset/reentrancy/0xbaf51e761510c1a11bf48dd87c0307ac8a8c8a4f.sol
Starting task 190/217: osiris and /home/shuo/smartbugs-curated/dataset/reentrancy/reentrancy_bonus.sol
Starting task 191/217: oyente and /home/shuo/smartbugs-curated/dataset/reentrancy/0x7b368c4e805c3870b6c49a3f1f49f69af8662cf3.sol
Starting task 192/217: securify and /home/shuo/smartbugs-curated/dataset/reentrancy/0x93c32845fae42c83a70e5f06214c8433665c2ab5.sol
Starting task 193/217: mythril-0.24.7 and /home/shuo/smartbugs-curated/dataset/reentrancy/0x941d225236464a25eb18076df7da6a91d0f95e9e.sol
Starting task 194/217: oyente and /home/shuo/smartbugs-curated/dataset/reentrancy/0xaae1f51cf3339f18b6d3f3bdc75a5facd744b0b8.sol
Starting task 195/217: mythril-0.24.7 and /home/shuo/smartbugs-curated/dataset/reentrancy/spank_chain_payment.sol
Starting task 196/217: osiris and /home/shuo/smartbugs-curated/dataset/reentrancy/0xcead721ef5b11f1a7b530171aab69b16c5e66b6e.sol
Starting task 197/217: securify and /home/shuo/smartbugs-curated/dataset/reentrancy/0x7a8721a9d64c74da899424c1b52acbf58ddc9782.sol
Starting task 198/217: smartcheck and /home/shuo/smartbugs-curated/dataset/reentrancy/0xb5e1b1ee15c6fa0e48fce100125569d430f1bd12.sol
Starting task 199/217: manticore-0.3.7 and /home/shuo/smartbugs-curated/dataset/reentrancy/0x93c32845fae42c83a70e5f06214c8433665c2ab5.sol
Starting task 200/217: oyente and /home/shuo/smartbugs-curated/dataset/reentrancy/etherbank.sol
Starting task 201/217: conkas and /home/shuo/smartbugs-curated/dataset/reentrancy/0x4e73b32ed6c35f570686b89848e5f39f20ecc106.sol
Starting task 202/217: osiris and /home/shuo/smartbugs-curated/dataset/reentrancy/reentrancy_dao.sol
Starting task 203/217: manticore-0.3.7 and /home/shuo/smartbugs-curated/dataset/reentrancy/0x7541b76cb60f4c60af330c208b0623b7f54bf615.sol
Starting task 204/217: osiris and /home/shuo/smartbugs-curated/dataset/reentrancy/0x01f8c4e3fa3edeb29e514cba738d87ce8c091d3f.sol
Starting task 205/217: osiris and /home/shuo/smartbugs-curated/dataset/reentrancy/0xbaf51e761510c1a11bf48dd87c0307ac8a8c8a4f.sol
Starting task 206/217: manticore-0.3.7 and /home/shuo/smartbugs-curated/dataset/reentrancy/0xbe4041d55db380c5ae9d4a9b9703f1ed4e7e3888.sol
Starting task 207/217: oyente and /home/shuo/smartbugs-curated/dataset/reentrancy/reentrancy_dao.sol
Starting task 208/217: securify and /home/shuo/smartbugs-curated/dataset/reentrancy/reentrance.sol
Starting task 209/217: manticore-0.3.7 and /home/shuo/smartbugs-curated/dataset/reentrancy/simple_dao.sol
Starting task 210/217: manticore-0.3.7 and /home/shuo/smartbugs-curated/dataset/reentrancy/reentrance.sol
Starting task 211/217: mythril-0.24.7 and /home/shuo/smartbugs-curated/dataset/reentrancy/0x7541b76cb60f4c60af330c208b0623b7f54bf615.sol
Starting task 212/217: oyente and /home/shuo/smartbugs-curated/dataset/reentrancy/reentrancy_cross_function.sol
Starting task 213/217: mythril-0.24.7 and /home/shuo/smartbugs-curated/dataset/reentrancy/reentrancy_cross_function.sol
Starting task 214/217: oyente and /home/shuo/smartbugs-curated/dataset/reentrancy/spank_chain_payment.sol
Starting task 215/217: oyente and /home/shuo/smartbugs-curated/dataset/reentrancy/reentrancy_simple.sol
Starting task 216/217: mythril-0.24.7 and /home/shuo/smartbugs-curated/dataset/reentrancy/0x96edbe868531bd23a6c05e9d0c424ea64fb1b78b.sol
Starting task 217/217: manticore-0.3.7 and /home/shuo/smartbugs-curated/dataset/reentrancy/0x8c7777c45481dba411450c228cb692ac3d550344.sol
Analysis completed in 0:53:18.
