Non-hexadecimal digit found
Traceback (most recent call last):
  File "conkas.py", line 111, in main
    ssa = Recover(bytecode, edges=[], optimize=True)
  File "/conkas/rattle/recover.py", line 768, in __init__
    self.internal = InternalRecover(filedata, edges, optimize, split_functions)
  File "/conkas/rattle/recover.py", line 32, in __init__
    self.recover(dispatch)
  File "/conkas/rattle/recover.py", line 95, in recover
    self.identify_blocks(function)
  File "/conkas/rattle/recover.py", line 167, in identify_blocks
    insns = list(EVMAsm.disassemble_all(binascii.unhexlify(self.filedata), 0))
binascii.Error: Non-hexadecimal digit found
ANTLR runtime and generated code versions disagree: 4.9.2!=4.7.2
ANTLR runtime and generated code versions disagree: 4.9.2!=4.7.2
Analysing /sb/spank_chain_payment.sol:ECTools...
Vulnerability: Integer Underflow. Maybe in function: toEthereumSignedMessage(string). PC: 0x13ab. Line number: 159.
If a = 0
and b = 1
Vulnerability: Integer Underflow. Maybe in function: toEthereumSignedMessage(string). PC: 0x1353. Line number: 155.
If a = 0
and b = 1
Vulnerability: Integer Overflow. Maybe in function: toEthereumSignedMessage(string). PC: 0x434. Line number: 139.
If a = 31
and b = 115792089237316195423570985008687907853269984665640564039457584007913129639906
Vulnerability: Integer Overflow. Maybe in function: parseInt16Char(string). PC: 0x33a. Line number: 116.
If a = 128
and b = 115792089237316195423570985008687907853269984665640564039457584007913129639745
Analysing /sb/spank_chain_payment.sol:HumanStandardToken...
Vulnerability: Reentrancy. Maybe in function: approveAndCall(address,uint256,bytes). PC: 0xefe. Line number: 259.
Vulnerability: Integer Overflow. Maybe in function: transfer(address,uint256). PC: 0xc05. Line number: 189.
If a = 87098950233684014653642543943595288849272139692955614075393796621113785734041
and b = 43280229233160815244222234064364101859058531332855969818565473906495365829045
Vulnerability: Integer Overflow. Maybe in function: transferFrom(address,address,uint256). PC: 0x83c. Line number: 198.
If a = 61668824859744852323740946540232221771269499810698570437239096501800102054217
and b = 61883934426746165212194607568826229343871642516202678162796784760849702514201
Vulnerability: Integer Overflow. Maybe in function: approveAndCall(address,uint256,bytes). PC: 0x4b8. Line number: 252.
If a = 32
and b = 115792089237316195423570985008687907853269984665640564039457584007913129639900
Analysing /sb/spank_chain_payment.sol:LedgerChannel...
Analysing /sb/spank_chain_payment.sol:StandardToken...
Vulnerability: Integer Overflow. Maybe in function: transfer(address,uint256). PC: 0x755. Line number: 189.
If a = 115792089237316195423570985008687907852929702298719625575982019839414614771741
and b = 28948022309329048855892746252171976963147354982949671778098360965294152961501
Analysing /sb/spank_chain_payment.sol:Token...
Nothing to analyse
